android/app/build/intermediates/manifest_merge_blame_file/debug/manifest-merger-blame-debug-report.txt
1<?xml version="1.0" encoding="utf-8"?>
2<manifest xmlns:android="http://schemas.android.com/apk/res/android"
3    package="com.microsoft.codepush.react" >
4
5    <uses-sdk
6        android:minSdkVersion="21"
6-->src/main/AndroidManifest.xml
7        android:targetSdkVersion="31" />
7-->src/main/AndroidManifest.xml
8
9    <uses-permission android:name="android.permission.INTERNET" />
9-->src/main/AndroidManifest.xml:4:5-67
9-->src/main/AndroidManifest.xml:4:22-64
10
11    <application>
11-->src/main/AndroidManifest.xml:6:5-8:19
12        <activity android:name="com.facebook.react.devsupport.DevSettingsActivity" />
12-->src/main/AndroidManifest.xml:7:9-86
12-->src/main/AndroidManifest.xml:7:19-83
13    </application>
14
15</manifest>